<?xml version="1.0" encoding="utf-8"?><testsuites name="pytest tests"><testsuite name="pytest" errors="0" failures="0" skipped="0" tests="25" time="0.573" timestamp="2026-08-05T12:23:06.094070+00:00" hostname="agent-env-7a6c74f6-7d35-4d44-b9e4-758a2fa317d6"><testcase classname="tests.test_connector_anoncoin" name="test_get_coins_success" time="0.024" /><testcase classname="tests.test_connector_anoncoin" name="test_get_coins_not_yet_live_raises_unavailable" time="0.021" /><testcase classname="tests.test_connector_anoncoin" name="test_get_coin_details_sends_api_key_header_not_url" time="0.021" /><testcase classname="tests.test_connector_anoncoin" name="test_missing_api_key_raises_clear_error" time="0.020" /><testcase classname="tests.test_connector_anoncoin" name="test_server_error_raises_api_error_without_leaking_key" time="0.022" /><testcase classname="tests.test_connector_solscan" name="test_get_token_meta_sends_token_header" time="0.021" /><testcase classname="tests.test_connector_solscan" name="test_get_latest_tokens_with_platform_filter" time="0.021" /><testcase classname="tests.test_connector_solscan" name="test_missing_key_raises_clear_error" time="0.020" /><testcase classname="tests.test_connector_solscan" name="test_rate_limit_error_does_not_leak_key" time="0.021" /><testcase classname="tests.test_execution_paper" name="test_paper_buy_deducts_balance_and_fills" time="0.104" /><testcase classname="tests.test_execution_paper" name="test_paper_buy_rejected_when_balance_insufficient" time="0.014" /><testcase classname="tests.test_execution_paper" name="test_paper_sell_applies_simulated_slippage" time="0.008" /><testcase classname="tests.test_execution_paper" name="test_paper_credit_balance_increases_wallet" time="0.014" /><testcase classname="tests.test_rules" name="test_passes_when_all_conditions_met" time="0.000" /><testcase classname="tests.test_rules" name="test_fails_on_low_liquidity" time="0.000" /><testcase classname="tests.test_rules" name="test_fails_on_low_holders" time="0.000" /><testcase classname="tests.test_rules" name="test_fails_on_max_age_exceeded" time="0.000" /><testcase classname="tests.test_rules" name="test_fails_when_creator_in_denylist" time="0.000" /><testcase classname="tests.test_rules" name="test_fails_when_creator_not_in_allowlist" time="0.000" /><testcase classname="tests.test_rules" name="test_fails_on_bonding_curve_phase_mismatch" time="0.000" /><testcase classname="tests.test_rules" name="test_fails_outside_market_cap_range" time="0.000" /><testcase classname="tests.test_scoring" name="test_score_within_bounds" time="0.000" /><testcase classname="tests.test_scoring" name="test_creator_watchlist_bonus_applied" time="0.000" /><testcase classname="tests.test_scoring" name="test_higher_liquidity_and_holders_score_higher" time="0.000" /><testcase classname="tests.test_scoring" name="test_score_capped_at_100" time="0.000" /></testsuite></testsuites>