<?xml version="1.0" encoding="utf-8"?><testsuites name="pytest tests"><testsuite name="pytest" errors="0" failures="5" skipped="0" tests="49" time="1.172" timestamp="2026-08-05T14:30:19.586377+00:00" hostname="agent-env-7a6c74f6-7d35-4d44-b9e4-758a2fa317d6"><testcase classname="tests.test_connector_anoncoin" name="test_get_coins_success" time="0.024" /><testcase classname="tests.test_connector_anoncoin" name="test_get_coins_not_yet_live_raises_unavailable" time="0.021" /><testcase classname="tests.test_connector_anoncoin" name="test_get_coin_details_sends_api_key_header_not_url" time="0.022" /><testcase classname="tests.test_connector_anoncoin" name="test_missing_api_key_raises_clear_error" time="0.020" /><testcase classname="tests.test_connector_anoncoin" name="test_server_error_raises_api_error_without_leaking_key" time="0.022" /><testcase classname="tests.test_connector_solscan" name="test_get_token_meta_sends_token_header" time="0.021" /><testcase classname="tests.test_connector_solscan" name="test_get_latest_tokens_with_platform_filter" time="0.022" /><testcase classname="tests.test_connector_solscan" name="test_missing_key_raises_clear_error" time="0.020" /><testcase classname="tests.test_connector_solscan" name="test_rate_limit_error_does_not_leak_key" time="0.021" /><testcase classname="tests.test_execution_paper" name="test_paper_buy_deducts_balance_and_fills" time="0.029" /><testcase classname="tests.test_execution_paper" name="test_paper_buy_rejected_when_balance_insufficient" time="0.014" /><testcase classname="tests.test_execution_paper" name="test_paper_sell_applies_simulated_slippage" time="0.008" /><testcase classname="tests.test_execution_paper" name="test_paper_credit_balance_increases_wallet" time="0.015" /><testcase classname="tests.test_execution_router" name="test_paper_mode_always_returns_paper_adapter" time="0.023" /><testcase classname="tests.test_execution_router" name="test_live_mode_without_owner_fails_safely" time="0.023" /><testcase classname="tests.test_execution_router" name="test_live_mode_without_connected_wallet_fails_safely" time="0.025" /><testcase classname="tests.test_execution_router" name="test_live_mode_with_connected_wallet_returns_wallet_adapter" time="0.030" /><testcase classname="tests.test_execution_router" name="test_no_wallet_adapter_buy_and_sell_fail_without_crashing" time="0.003" /><testcase classname="tests.test_onchain_watcher" name="test_extract_new_mint_finds_freshly_created_mint" time="0.000" /><testcase classname="tests.test_onchain_watcher" name="test_extract_new_mint_ignores_sol_mint_only_diff" time="0.000" /><testcase classname="tests.test_onchain_watcher" name="test_extract_new_mint_returns_none_when_nothing_new" time="0.000" /><testcase classname="tests.test_onchain_watcher" name="test_extract_new_mint_handles_malformed_transaction_gracefully" time="0.000" /><testcase classname="tests.test_positions_manager" name="test_stop_loss_closes_position" time="0.060"><failure message="assert 2 == 1&#10; +  where 2 = len([&lt;app.storage.models.Position object at 0xfeb81e4dd790&gt;, &lt;app.storage.models.Position object at 0xfeb81e4df410&gt;])">tests/test_positions_manager.py:70: in test_stop_loss_closes_position
    assert len(closed) == 1
E   assert 2 == 1
E    +  where 2 = len([&lt;app.storage.models.Position object at 0xfeb81e4dd790&gt;, &lt;app.storage.models.Position object at 0xfeb81e4df410&gt;])</failure></testcase><testcase classname="tests.test_positions_manager" name="test_trailing_stop_closes_position_after_peak_drop" time="0.055"><failure message="assert 2 == 1&#10; +  where 2 = len([&lt;app.storage.models.Position object at 0xfeb81db0f610&gt;, &lt;app.storage.models.Position object at 0xfeb81db0f790&gt;])">tests/test_positions_manager.py:91: in test_trailing_stop_closes_position_after_peak_drop
    assert len(closed) == 1
E   assert 2 == 1
E    +  where 2 = len([&lt;app.storage.models.Position object at 0xfeb81db0f610&gt;, &lt;app.storage.models.Position object at 0xfeb81db0f790&gt;])</failure></testcase><testcase classname="tests.test_positions_manager" name="test_time_based_exit_closes_position_after_max_age" time="0.056"><failure message="assert 2 == 1&#10; +  where 2 = len([&lt;app.storage.models.Position object at 0xfeb81db1ad10&gt;, &lt;app.storage.models.Position object at 0xfeb81db14810&gt;])">tests/test_positions_manager.py:110: in test_time_based_exit_closes_position_after_max_age
    assert len(closed) == 1
E   assert 2 == 1
E    +  where 2 = len([&lt;app.storage.models.Position object at 0xfeb81db1ad10&gt;, &lt;app.storage.models.Position object at 0xfeb81db14810&gt;])</failure></testcase><testcase classname="tests.test_positions_manager" name="test_volume_drop_closes_position_after_peak_volume_falls" time="0.060"><failure message="assert 2 == 1&#10; +  where 2 = len([&lt;app.storage.models.Position object at 0xfeb81daf9a90&gt;, &lt;app.storage.models.Position object at 0xfeb81dafbd50&gt;])">tests/test_positions_manager.py:134: in test_volume_drop_closes_position_after_peak_volume_falls
    assert len(closed) == 1
E   assert 2 == 1
E    +  where 2 = len([&lt;app.storage.models.Position object at 0xfeb81daf9a90&gt;, &lt;app.storage.models.Position object at 0xfeb81dafbd50&gt;])</failure></testcase><testcase classname="tests.test_positions_manager" name="test_healthy_position_with_no_triggers_stays_open" time="0.041"><failure message="assert 2 == 1&#10; +  where 2 = len([&lt;app.storage.models.Position object at 0xfeb81db28710&gt;, &lt;app.storage.models.Position object at 0xfeb81db29a10&gt;])">tests/test_positions_manager.py:153: in test_healthy_position_with_no_triggers_stays_open
    assert len(await _open_for(mint)) == 1
E   assert 2 == 1
E    +  where 2 = len([&lt;app.storage.models.Position object at 0xfeb81db28710&gt;, &lt;app.storage.models.Position object at 0xfeb81db29a10&gt;])</failure></testcase><testcase classname="tests.test_price_feed" name="test_get_sol_usd_price_parses_response" time="0.023" /><testcase classname="tests.test_price_feed" name="test_get_sol_usd_price_falls_back_to_cache_on_error" time="0.022" /><testcase classname="tests.test_rules" name="test_passes_when_all_conditions_met" time="0.000" /><testcase classname="tests.test_rules" name="test_fails_on_low_liquidity" time="0.000" /><testcase classname="tests.test_rules" name="test_fails_on_low_holders" time="0.000" /><testcase classname="tests.test_rules" name="test_fails_on_max_age_exceeded" time="0.000" /><testcase classname="tests.test_rules" name="test_fails_when_creator_in_denylist" time="0.000" /><testcase classname="tests.test_rules" name="test_fails_when_creator_not_in_allowlist" time="0.000" /><testcase classname="tests.test_rules" name="test_fails_on_bonding_curve_phase_mismatch" time="0.000" /><testcase classname="tests.test_rules" name="test_fails_outside_market_cap_range" time="0.000" /><testcase classname="tests.test_scanner_solscan_backoff" name="test_backoff_state_is_initialized_on_construction" time="0.042" /><testcase classname="tests.test_scanner_solscan_backoff" name="test_enrich_with_solscan_never_raises_attribute_error" time="0.043" /><testcase classname="tests.test_scanner_solscan_backoff" name="test_repeated_solscan_failures_trigger_backoff_without_crashing" time="0.044" /><testcase classname="tests.test_scoring" name="test_score_within_bounds" time="0.000" /><testcase classname="tests.test_scoring" name="test_creator_watchlist_bonus_applied" time="0.000" /><testcase classname="tests.test_scoring" name="test_higher_liquidity_and_holders_score_higher" time="0.000" /><testcase classname="tests.test_scoring" name="test_score_capped_at_100" time="0.000" /><testcase classname="tests.test_wallet_keys" name="test_load_keypair_from_base58_secret_key" time="0.000" /><testcase classname="tests.test_wallet_keys" name="test_load_keypair_from_json_byte_array" time="0.000" /><testcase classname="tests.test_wallet_keys" name="test_load_keypair_rejects_garbage_base58" time="0.000" /><testcase classname="tests.test_wallet_keys" name="test_load_keypair_rejects_wrong_length_json_array" time="0.000" /><testcase classname="tests.test_wallet_keys" name="test_load_keypair_error_never_echoes_raw_input" time="0.000" /></testsuite></testsuites>